::1 - - [16/Jan/2020:03:12:08 +0000] "GET /delivery/carousel HTTP/1.1" 200 20387 "http://localhost:8000/delivery/home" "Mozilla/5.0 (Windows NT 10.0; Win64; x64) AppleWebKit/537.36 (KHTML, like Gecko) Chrome/79.0.3945.117 Safari/537.36"
::1 - - [16/Jan/2020:03:12:08 +0000] "GET /assets/css/main.css HTTP/1.1" 200 33531 "http://localhost:8000/delivery/carousel" "Mozilla/5.0 (Windows NT 10.0; Win64; x64) AppleWebKit/537.36 (KHTML, like Gecko) Chrome/79.0.3945.117 Safari/537.36"
::1 - - [16/Jan/2020:03:12:08 +0000] "GET /assets/styles/bootstrapValidator.min.css HTTP/1.1" 200 719 "http://localhost:8000/delivery/carousel" "Mozilla/5.0 (Windows NT 10.0; Win64; x64) AppleWebKit/537.36 (KHTML, like Gecko) Chrome/79.0.3945.117 Safari/537.36"
::1 - - [16/Jan/2020:03:12:08 +0000] "GET /assets/styles/bootstrap-table.min.css HTTP/1.1" 200 8784 "http://localhost:8000/delivery/carousel" "Mozilla/5.0 (Windows NT 10.0; Win64; x64) AppleWebKit/537.36 (KHTML, like Gecko) Chrome/79.0.3945.117 Safari/537.36"
::1 - - [16/Jan/2020:03:12:08 +0000] "GET /assets/js/jquery-3.4.1.min.js HTTP/1.1" 200 88147 "http://localhost:8000/delivery/carousel" "Mozilla/5.0 (Windows NT 10.0; Win64; x64) AppleWebKit/537.36 (KHTML, like Gecko) Chrome/79.0.3945.117 Safari/537.36"
::1 - - [16/Jan/2020:03:12:08 +0000] "GET /assets/styles/bootstrap.min.css HTTP/1.1" 200 155764 "http://localhost:8000/delivery/carousel" "Mozilla/5.0 (Windows NT 10.0; Win64; x64) AppleWebKit/537.36 (KHTML, like Gecko) Chrome/79.0.3945.117 Safari/537.36"
::1 - - [16/Jan/2020:03:12:08 +0000] "GET /assets/js/moment.js HTTP/1.1" 200 540806 "http://localhost:8000/delivery/carousel" "Mozilla/5.0 (Windows NT 10.0; Win64; x64) AppleWebKit/537.36 (KHTML, like Gecko) Chrome/79.0.3945.117 Safari/537.36"
::1 - - [16/Jan/2020:03:12:08 +0000] "GET /assets/js/bootstrap.min.js HTTP/1.1" 200 58078 "http://localhost:8000/delivery/carousel" "Mozilla/5.0 (Windows NT 10.0; Win64; x64) AppleWebKit/537.36 (KHTML, like Gecko) Chrome/79.0.3945.117 Safari/537.36"
::1 - - [16/Jan/2020:03:12:08 +0000] "GET /assets/js/bootstrapValidator.min.js HTTP/1.1" 200 110946 "http://localhost:8000/delivery/carousel" "Mozilla/5.0 (Windows NT 10.0; Win64; x64) AppleWebKit/537.36 (KHTML, like Gecko) Chrome/79.0.3945.117 Safari/537.36"
::1 - - [16/Jan/2020:03:12:08 +0000] "GET /utils/constant.js HTTP/1.1" 200 3562 "http://localhost:8000/delivery/carousel" "Mozilla/5.0 (Windows NT 10.0; Win64; x64) AppleWebKit/537.36 (KHTML, like Gecko) Chrome/79.0.3945.117 Safari/537.36"
::1 - - [16/Jan/2020:03:12:08 +0000] "GET /assets/js/bootstrap-table.min.js HTTP/1.1" 200 110948 "http://localhost:8000/delivery/carousel" "Mozilla/5.0 (Windows NT 10.0; Win64; x64) AppleWebKit/537.36 (KHTML, like Gecko) Chrome/79.0.3945.117 Safari/537.36"
::1 - - [16/Jan/2020:03:12:08 +0000] "GET /assets/js/wangEditor.min.js HTTP/1.1" 200 66013 "http://localhost:8000/delivery/carousel" "Mozilla/5.0 (Windows NT 10.0; Win64; x64) AppleWebKit/537.36 (KHTML, like Gecko) Chrome/79.0.3945.117 Safari/537.36"
::1 - - [16/Jan/2020:03:12:08 +0000] "GET /assets/js/xss.min.js HTTP/1.1" 200 28924 "http://localhost:8000/delivery/carousel" "Mozilla/5.0 (Windows NT 10.0; Win64; x64) AppleWebKit/537.36 (KHTML, like Gecko) Chrome/79.0.3945.117 Safari/537.36"
::1 - - [16/Jan/2020:03:12:08 +0000] "GET /utils/utils.js HTTP/1.1" 200 830 "http://localhost:8000/delivery/carousel" "Mozilla/5.0 (Windows NT 10.0; Win64; x64) AppleWebKit/537.36 (KHTML, like Gecko) Chrome/79.0.3945.117 Safari/537.36"
::1 - - [16/Jan/2020:03:12:08 +0000] "GET /assets/img/logo.png HTTP/1.1" 200 1321 "http://localhost:8000/delivery/carousel" "Mozilla/5.0 (Windows NT 10.0; Win64; x64) AppleWebKit/537.36 (KHTML, like Gecko) Chrome/79.0.3945.117 Safari/537.36"
::1 - - [16/Jan/2020:03:12:08 +0000] "GET /assets/img/sider-logo1.png HTTP/1.1" 200 1823 "http://localhost:8000/delivery/carousel" "Mozilla/5.0 (Windows NT 10.0; Win64; x64) AppleWebKit/537.36 (KHTML, like Gecko) Chrome/79.0.3945.117 Safari/537.36"
::1 - - [16/Jan/2020:03:12:08 +0000] "GET /assets/img/sider-logo2.png HTTP/1.1" 200 895 "http://localhost:8000/delivery/carousel" "Mozilla/5.0 (Windows NT 10.0; Win64; x64) AppleWebKit/537.36 (KHTML, like Gecko) Chrome/79.0.3945.117 Safari/537.36"
::1 - - [16/Jan/2020:03:12:08 +0000] "GET /assets/img/sider-logo3.png HTTP/1.1" 200 1922 "http://localhost:8000/delivery/carousel" "Mozilla/5.0 (Windows NT 10.0; Win64; x64) AppleWebKit/537.36 (KHTML, like Gecko) Chrome/79.0.3945.117 Safari/537.36"
::1 - - [16/Jan/2020:03:12:08 +0000] "GET /assets/img/1578017280691-banner_ep.jpg HTTP/1.1" 404 9 "http://localhost:8000/delivery/carousel" "Mozilla/5.0 (Windows NT 10.0; Win64; x64) AppleWebKit/537.36 (KHTML, like Gecko) Chrome/79.0.3945.117 Safari/537.36"
::1 - - [16/Jan/2020:03:12:08 +0000] "GET /assets/img/1578017286933-shop-info.png HTTP/1.1" 404 9 "http://localhost:8000/delivery/carousel" "Mozilla/5.0 (Windows NT 10.0; Win64; x64) AppleWebKit/537.36 (KHTML, like Gecko) Chrome/79.0.3945.117 Safari/537.36"
::1 - - [16/Jan/2020:03:12:08 +0000] "GET /assets/img/sider-logo4.png HTTP/1.1" 200 1950 "http://localhost:8000/delivery/carousel" "Mozilla/5.0 (Windows NT 10.0; Win64; x64) AppleWebKit/537.36 (KHTML, like Gecko) Chrome/79.0.3945.117 Safari/537.36"
::1 - - [16/Jan/2020:03:12:08 +0000] "GET /assets/img/sider-logo5.png HTTP/1.1" 200 2232 "http://localhost:8000/delivery/carousel" "Mozilla/5.0 (Windows NT 10.0; Win64; x64) AppleWebKit/537.36 (KHTML, like Gecko) Chrome/79.0.3945.117 Safari/537.36"
::1 - - [16/Jan/2020:03:12:08 +0000] "GET /assets/img/sider-logo6.png HTTP/1.1" 200 1635 "http://localhost:8000/delivery/carousel" "Mozilla/5.0 (Windows NT 10.0; Win64; x64) AppleWebKit/537.36 (KHTML, like Gecko) Chrome/79.0.3945.117 Safari/537.36"
::1 - - [16/Jan/2020:03:12:08 +0000] "GET /assets/img/fav.png HTTP/1.1" 200 799 "http://localhost:8000/delivery/carousel" "Mozilla/5.0 (Windows NT 10.0; Win64; x64) AppleWebKit/537.36 (KHTML, like Gecko) Chrome/79.0.3945.117 Safari/537.36"
::1 - - [16/Jan/2020:03:12:10 +0000] "GET /delivery/carousel HTTP/1.1" 200 20387 "http://localhost:8000/delivery/home" "Mozilla/5.0 (Windows NT 10.0; Win64; x64) AppleWebKit/537.36 (KHTML, like Gecko) Chrome/79.0.3945.117 Safari/537.36"
::1 - - [16/Jan/2020:03:12:10 +0000] "GET /assets/styles/bootstrapValidator.min.css HTTP/1.1" 200 719 "http://localhost:8000/delivery/carousel" "Mozilla/5.0 (Windows NT 10.0; Win64; x64) AppleWebKit/537.36 (KHTML, like Gecko) Chrome/79.0.3945.117 Safari/537.36"
::1 - - [16/Jan/2020:03:12:10 +0000] "GET /assets/styles/bootstrap-table.min.css HTTP/1.1" 200 8784 "http://localhost:8000/delivery/carousel" "Mozilla/5.0 (Windows NT 10.0; Win64; x64) AppleWebKit/537.36 (KHTML, like Gecko) Chrome/79.0.3945.117 Safari/537.36"
::1 - - [16/Jan/2020:03:12:10 +0000] "GET /assets/css/main.css HTTP/1.1" 200 33531 "http://localhost:8000/delivery/carousel" "Mozilla/5.0 (Windows NT 10.0; Win64; x64) AppleWebKit/537.36 (KHTML, like Gecko) Chrome/79.0.3945.117 Safari/537.36"
::1 - - [16/Jan/2020:03:12:10 +0000] "GET /assets/js/jquery-3.4.1.min.js HTTP/1.1" 200 88147 "http://localhost:8000/delivery/carousel" "Mozilla/5.0 (Windows NT 10.0; Win64; x64) AppleWebKit/537.36 (KHTML, like Gecko) Chrome/79.0.3945.117 Safari/537.36"
::1 - - [16/Jan/2020:03:12:10 +0000] "GET /assets/styles/bootstrap.min.css HTTP/1.1" 200 155764 "http://localhost:8000/delivery/carousel" "Mozilla/5.0 (Windows NT 10.0; Win64; x64) AppleWebKit/537.36 (KHTML, like Gecko) Chrome/79.0.3945.117 Safari/537.36"
::1 - - [16/Jan/2020:03:12:10 +0000] "GET /assets/js/bootstrap.min.js HTTP/1.1" 200 58078 "http://localhost:8000/delivery/carousel" "Mozilla/5.0 (Windows NT 10.0; Win64; x64) AppleWebKit/537.36 (KHTML, like Gecko) Chrome/79.0.3945.117 Safari/537.36"
::1 - - [16/Jan/2020:03:12:10 +0000] "GET /utils/constant.js HTTP/1.1" 200 3562 "http://localhost:8000/delivery/carousel" "Mozilla/5.0 (Windows NT 10.0; Win64; x64) AppleWebKit/537.36 (KHTML, like Gecko) Chrome/79.0.3945.117 Safari/537.36"
::1 - - [16/Jan/2020:03:12:10 +0000] "GET /assets/js/bootstrapValidator.min.js HTTP/1.1" 200 110946 "http://localhost:8000/delivery/carousel" "Mozilla/5.0 (Windows NT 10.0; Win64; x64) AppleWebKit/537.36 (KHTML, like Gecko) Chrome/79.0.3945.117 Safari/537.36"
::1 - - [16/Jan/2020:03:12:10 +0000] "GET /assets/js/bootstrap-table.min.js HTTP/1.1" 200 110948 "http://localhost:8000/delivery/carousel" "Mozilla/5.0 (Windows NT 10.0; Win64; x64) AppleWebKit/537.36 (KHTML, like Gecko) Chrome/79.0.3945.117 Safari/537.36"
::1 - - [16/Jan/2020:03:12:10 +0000] "GET /assets/js/moment.js HTTP/1.1" 200 540806 "http://localhost:8000/delivery/carousel" "Mozilla/5.0 (Windows NT 10.0; Win64; x64) AppleWebKit/537.36 (KHTML, like Gecko) Chrome/79.0.3945.117 Safari/537.36"
::1 - - [16/Jan/2020:03:12:10 +0000] "GET /assets/js/wangEditor.min.js HTTP/1.1" 200 66013 "http://localhost:8000/delivery/carousel" "Mozilla/5.0 (Windows NT 10.0; Win64; x64) AppleWebKit/537.36 (KHTML, like Gecko) Chrome/79.0.3945.117 Safari/537.36"
::1 - - [16/Jan/2020:03:12:10 +0000] "GET /assets/js/xss.min.js HTTP/1.1" 200 28924 "http://localhost:8000/delivery/carousel" "Mozilla/5.0 (Windows NT 10.0; Win64; x64) AppleWebKit/537.36 (KHTML, like Gecko) Chrome/79.0.3945.117 Safari/537.36"
::1 - - [16/Jan/2020:03:12:10 +0000] "GET /utils/utils.js HTTP/1.1" 200 830 "http://localhost:8000/delivery/carousel" "Mozilla/5.0 (Windows NT 10.0; Win64; x64) AppleWebKit/537.36 (KHTML, like Gecko) Chrome/79.0.3945.117 Safari/537.36"
::1 - - [16/Jan/2020:03:12:10 +0000] "GET /assets/img/sider-logo1.png HTTP/1.1" 200 1823 "http://localhost:8000/delivery/carousel" "Mozilla/5.0 (Windows NT 10.0; Win64; x64) AppleWebKit/537.36 (KHTML, like Gecko) Chrome/79.0.3945.117 Safari/537.36"
::1 - - [16/Jan/2020:03:12:10 +0000] "GET /assets/img/logo.png HTTP/1.1" 200 1321 "http://localhost:8000/delivery/carousel" "Mozilla/5.0 (Windows NT 10.0; Win64; x64) AppleWebKit/537.36 (KHTML, like Gecko) Chrome/79.0.3945.117 Safari/537.36"
::1 - - [16/Jan/2020:03:12:10 +0000] "GET /assets/img/sider-logo2.png HTTP/1.1" 200 895 "http://localhost:8000/delivery/carousel" "Mozilla/5.0 (Windows NT 10.0; Win64; x64) AppleWebKit/537.36 (KHTML, like Gecko) Chrome/79.0.3945.117 Safari/537.36"
::1 - - [16/Jan/2020:03:12:10 +0000] "GET /assets/img/sider-logo3.png HTTP/1.1" 200 1922 "http://localhost:8000/delivery/carousel" "Mozilla/5.0 (Windows NT 10.0; Win64; x64) AppleWebKit/537.36 (KHTML, like Gecko) Chrome/79.0.3945.117 Safari/537.36"
::1 - - [16/Jan/2020:03:12:10 +0000] "GET /assets/img/1578017280691-banner_ep.jpg HTTP/1.1" 404 9 "http://localhost:8000/delivery/carousel" "Mozilla/5.0 (Windows NT 10.0; Win64; x64) AppleWebKit/537.36 (KHTML, like Gecko) Chrome/79.0.3945.117 Safari/537.36"
::1 - - [16/Jan/2020:03:12:10 +0000] "GET /assets/img/1578017286933-shop-info.png HTTP/1.1" 404 9 "http://localhost:8000/delivery/carousel" "Mozilla/5.0 (Windows NT 10.0; Win64; x64) AppleWebKit/537.36 (KHTML, like Gecko) Chrome/79.0.3945.117 Safari/537.36"
::1 - - [16/Jan/2020:03:12:10 +0000] "GET /assets/img/sider-logo4.png HTTP/1.1" 200 1950 "http://localhost:8000/delivery/carousel" "Mozilla/5.0 (Windows NT 10.0; Win64; x64) AppleWebKit/537.36 (KHTML, like Gecko) Chrome/79.0.3945.117 Safari/537.36"
::1 - - [16/Jan/2020:03:12:10 +0000] "GET /assets/img/sider-logo5.png HTTP/1.1" 200 2232 "http://localhost:8000/delivery/carousel" "Mozilla/5.0 (Windows NT 10.0; Win64; x64) AppleWebKit/537.36 (KHTML, like Gecko) Chrome/79.0.3945.117 Safari/537.36"
::1 - - [16/Jan/2020:03:12:10 +0000] "GET /assets/img/sider-logo6.png HTTP/1.1" 200 1635 "http://localhost:8000/delivery/carousel" "Mozilla/5.0 (Windows NT 10.0; Win64; x64) AppleWebKit/537.36 (KHTML, like Gecko) Chrome/79.0.3945.117 Safari/537.36"
::1 - - [16/Jan/2020:03:12:10 +0000] "GET /assets/img/fav.png HTTP/1.1" 200 799 "http://localhost:8000/delivery/carousel" "Mozilla/5.0 (Windows NT 10.0; Win64; x64) AppleWebKit/537.36 (KHTML, like Gecko) Chrome/79.0.3945.117 Safari/537.36"
::1 - - [16/Jan/2020:03:12:11 +0000] "GET /delivery/carousel HTTP/1.1" 200 20387 "http://localhost:8000/delivery/home" "Mozilla/5.0 (Windows NT 10.0; Win64; x64) AppleWebKit/537.36 (KHTML, like Gecko) Chrome/79.0.3945.117 Safari/537.36"
::1 - - [16/Jan/2020:03:12:11 +0000] "GET /assets/styles/bootstrapValidator.min.css HTTP/1.1" 200 719 "http://localhost:8000/delivery/carousel" "Mozilla/5.0 (Windows NT 10.0; Win64; x64) AppleWebKit/537.36 (KHTML, like Gecko) Chrome/79.0.3945.117 Safari/537.36"
::1 - - [16/Jan/2020:03:12:11 +0000] "GET /assets/css/main.css HTTP/1.1" 200 33531 "http://localhost:8000/delivery/carousel" "Mozilla/5.0 (Windows NT 10.0; Win64; x64) AppleWebKit/537.36 (KHTML, like Gecko) Chrome/79.0.3945.117 Safari/537.36"
::1 - - [16/Jan/2020:03:12:11 +0000] "GET /assets/styles/bootstrap-table.min.css HTTP/1.1" 200 8784 "http://localhost:8000/delivery/carousel" "Mozilla/5.0 (Windows NT 10.0; Win64; x64) AppleWebKit/537.36 (KHTML, like Gecko) Chrome/79.0.3945.117 Safari/537.36"
::1 - - [16/Jan/2020:03:12:11 +0000] "GET /assets/js/jquery-3.4.1.min.js HTTP/1.1" 200 88147 "http://localhost:8000/delivery/carousel" "Mozilla/5.0 (Windows NT 10.0; Win64; x64) AppleWebKit/537.36 (KHTML, like Gecko) Chrome/79.0.3945.117 Safari/537.36"
::1 - - [16/Jan/2020:03:12:11 +0000] "GET /assets/styles/bootstrap.min.css HTTP/1.1" 200 155764 "http://localhost:8000/delivery/carousel" "Mozilla/5.0 (Windows NT 10.0; Win64; x64) AppleWebKit/537.36 (KHTML, like Gecko) Chrome/79.0.3945.117 Safari/537.36"
::1 - - [16/Jan/2020:03:12:11 +0000] "GET /assets/js/bootstrap.min.js HTTP/1.1" 200 58078 "http://localhost:8000/delivery/carousel" "Mozilla/5.0 (Windows NT 10.0; Win64; x64) AppleWebKit/537.36 (KHTML, like Gecko) Chrome/79.0.3945.117 Safari/537.36"
::1 - - [16/Jan/2020:03:12:11 +0000] "GET /assets/js/bootstrapValidator.min.js HTTP/1.1" 200 110946 "http://localhost:8000/delivery/carousel" "Mozilla/5.0 (Windows NT 10.0; Win64; x64) AppleWebKit/537.36 (KHTML, like Gecko) Chrome/79.0.3945.117 Safari/537.36"
::1 - - [16/Jan/2020:03:12:11 +0000] "GET /utils/constant.js HTTP/1.1" 200 3562 "http://localhost:8000/delivery/carousel" "Mozilla/5.0 (Windows NT 10.0; Win64; x64) AppleWebKit/537.36 (KHTML, like Gecko) Chrome/79.0.3945.117 Safari/537.36"
::1 - - [16/Jan/2020:03:12:11 +0000] "GET /assets/js/bootstrap-table.min.js HTTP/1.1" 200 110948 "http://localhost:8000/delivery/carousel" "Mozilla/5.0 (Windows NT 10.0; Win64; x64) AppleWebKit/537.36 (KHTML, like Gecko) Chrome/79.0.3945.117 Safari/537.36"
::1 - - [16/Jan/2020:03:12:11 +0000] "GET /assets/js/moment.js HTTP/1.1" 200 540806 "http://localhost:8000/delivery/carousel" "Mozilla/5.0 (Windows NT 10.0; Win64; x64) AppleWebKit/537.36 (KHTML, like Gecko) Chrome/79.0.3945.117 Safari/537.36"
::1 - - [16/Jan/2020:03:12:11 +0000] "GET /assets/js/wangEditor.min.js HTTP/1.1" 200 66013 "http://localhost:8000/delivery/carousel" "Mozilla/5.0 (Windows NT 10.0; Win64; x64) AppleWebKit/537.36 (KHTML, like Gecko) Chrome/79.0.3945.117 Safari/537.36"
::1 - - [16/Jan/2020:03:12:11 +0000] "GET /assets/js/xss.min.js HTTP/1.1" 200 28924 "http://localhost:8000/delivery/carousel" "Mozilla/5.0 (Windows NT 10.0; Win64; x64) AppleWebKit/537.36 (KHTML, like Gecko) Chrome/79.0.3945.117 Safari/537.36"
::1 - - [16/Jan/2020:03:12:11 +0000] "GET /utils/utils.js HTTP/1.1" 200 830 "http://localhost:8000/delivery/carousel" "Mozilla/5.0 (Windows NT 10.0; Win64; x64) AppleWebKit/537.36 (KHTML, like Gecko) Chrome/79.0.3945.117 Safari/537.36"
::1 - - [16/Jan/2020:03:12:11 +0000] "GET /assets/img/logo.png HTTP/1.1" 200 1321 "http://localhost:8000/delivery/carousel" "Mozilla/5.0 (Windows NT 10.0; Win64; x64) AppleWebKit/537.36 (KHTML, like Gecko) Chrome/79.0.3945.117 Safari/537.36"
::1 - - [16/Jan/2020:03:12:11 +0000] "GET /assets/img/sider-logo1.png HTTP/1.1" 200 1823 "http://localhost:8000/delivery/carousel" "Mozilla/5.0 (Windows NT 10.0; Win64; x64) AppleWebKit/537.36 (KHTML, like Gecko) Chrome/79.0.3945.117 Safari/537.36"
::1 - - [16/Jan/2020:03:12:11 +0000] "GET /assets/img/sider-logo3.png HTTP/1.1" 200 1922 "http://localhost:8000/delivery/carousel" "Mozilla/5.0 (Windows NT 10.0; Win64; x64) AppleWebKit/537.36 (KHTML, like Gecko) Chrome/79.0.3945.117 Safari/537.36"
::1 - - [16/Jan/2020:03:12:11 +0000] "GET /assets/img/sider-logo2.png HTTP/1.1" 200 895 "http://localhost:8000/delivery/carousel" "Mozilla/5.0 (Windows NT 10.0; Win64; x64) AppleWebKit/537.36 (KHTML, like Gecko) Chrome/79.0.3945.117 Safari/537.36"
::1 - - [16/Jan/2020:03:12:11 +0000] "GET /assets/img/1578017280691-banner_ep.jpg HTTP/1.1" 404 9 "http://localhost:8000/delivery/carousel" "Mozilla/5.0 (Windows NT 10.0; Win64; x64) AppleWebKit/537.36 (KHTML, like Gecko) Chrome/79.0.3945.117 Safari/537.36"
::1 - - [16/Jan/2020:03:12:11 +0000] "GET /assets/img/1578017286933-shop-info.png HTTP/1.1" 404 9 "http://localhost:8000/delivery/carousel" "Mozilla/5.0 (Windows NT 10.0; Win64; x64) AppleWebKit/537.36 (KHTML, like Gecko) Chrome/79.0.3945.117 Safari/537.36"
::1 - - [16/Jan/2020:03:12:11 +0000] "GET /assets/img/sider-logo4.png HTTP/1.1" 200 1950 "http://localhost:8000/delivery/carousel" "Mozilla/5.0 (Windows NT 10.0; Win64; x64) AppleWebKit/537.36 (KHTML, like Gecko) Chrome/79.0.3945.117 Safari/537.36"
::1 - - [16/Jan/2020:03:12:11 +0000] "GET /assets/img/sider-logo5.png HTTP/1.1" 200 2232 "http://localhost:8000/delivery/carousel" "Mozilla/5.0 (Windows NT 10.0; Win64; x64) AppleWebKit/537.36 (KHTML, like Gecko) Chrome/79.0.3945.117 Safari/537.36"
::1 - - [16/Jan/2020:03:12:11 +0000] "GET /assets/img/sider-logo6.png HTTP/1.1" 200 1635 "http://localhost:8000/delivery/carousel" "Mozilla/5.0 (Windows NT 10.0; Win64; x64) AppleWebKit/537.36 (KHTML, like Gecko) Chrome/79.0.3945.117 Safari/537.36"
::1 - - [16/Jan/2020:03:12:11 +0000] "GET /assets/img/fav.png HTTP/1.1" 200 799 "http://localhost:8000/delivery/carousel" "Mozilla/5.0 (Windows NT 10.0; Win64; x64) AppleWebKit/537.36 (KHTML, like Gecko) Chrome/79.0.3945.117 Safari/537.36"
::1 - - [16/Jan/2020:03:12:53 +0000] "GET /delivery/carousel HTTP/1.1" 200 20387 "http://localhost:8000/delivery/home" "Mozilla/5.0 (Windows NT 10.0; Win64; x64) AppleWebKit/537.36 (KHTML, like Gecko) Chrome/79.0.3945.117 Safari/537.36"
::1 - - [16/Jan/2020:03:12:53 +0000] "GET /assets/styles/bootstrapValidator.min.css HTTP/1.1" 200 719 "http://localhost:8000/delivery/carousel" "Mozilla/5.0 (Windows NT 10.0; Win64; x64) AppleWebKit/537.36 (KHTML, like Gecko) Chrome/79.0.3945.117 Safari/537.36"
::1 - - [16/Jan/2020:03:12:53 +0000] "GET /assets/css/main.css HTTP/1.1" 200 33531 "http://localhost:8000/delivery/carousel" "Mozilla/5.0 (Windows NT 10.0; Win64; x64) AppleWebKit/537.36 (KHTML, like Gecko) Chrome/79.0.3945.117 Safari/537.36"
::1 - - [16/Jan/2020:03:12:53 +0000] "GET /assets/styles/bootstrap-table.min.css HTTP/1.1" 200 8784 "http://localhost:8000/delivery/carousel" "Mozilla/5.0 (Windows NT 10.0; Win64; x64) AppleWebKit/537.36 (KHTML, like Gecko) Chrome/79.0.3945.117 Safari/537.36"
::1 - - [16/Jan/2020:03:12:53 +0000] "GET /assets/js/jquery-3.4.1.min.js HTTP/1.1" 200 88147 "http://localhost:8000/delivery/carousel" "Mozilla/5.0 (Windows NT 10.0; Win64; x64) AppleWebKit/537.36 (KHTML, like Gecko) Chrome/79.0.3945.117 Safari/537.36"
::1 - - [16/Jan/2020:03:12:53 +0000] "GET /assets/styles/bootstrap.min.css HTTP/1.1" 200 155764 "http://localhost:8000/delivery/carousel" "Mozilla/5.0 (Windows NT 10.0; Win64; x64) AppleWebKit/537.36 (KHTML, like Gecko) Chrome/79.0.3945.117 Safari/537.36"
::1 - - [16/Jan/2020:03:12:53 +0000] "GET /assets/js/bootstrap.min.js HTTP/1.1" 200 58078 "http://localhost:8000/delivery/carousel" "Mozilla/5.0 (Windows NT 10.0; Win64; x64) AppleWebKit/537.36 (KHTML, like Gecko) Chrome/79.0.3945.117 Safari/537.36"
::1 - - [16/Jan/2020:03:12:53 +0000] "GET /utils/constant.js HTTP/1.1" 200 3562 "http://localhost:8000/delivery/carousel" "Mozilla/5.0 (Windows NT 10.0; Win64; x64) AppleWebKit/537.36 (KHTML, like Gecko) Chrome/79.0.3945.117 Safari/537.36"
::1 - - [16/Jan/2020:03:12:53 +0000] "GET /assets/js/bootstrapValidator.min.js HTTP/1.1" 200 110946 "http://localhost:8000/delivery/carousel" "Mozilla/5.0 (Windows NT 10.0; Win64; x64) AppleWebKit/537.36 (KHTML, like Gecko) Chrome/79.0.3945.117 Safari/537.36"
::1 - - [16/Jan/2020:03:12:53 +0000] "GET /assets/js/bootstrap-table.min.js HTTP/1.1" 200 110948 "http://localhost:8000/delivery/carousel" "Mozilla/5.0 (Windows NT 10.0; Win64; x64) AppleWebKit/537.36 (KHTML, like Gecko) Chrome/79.0.3945.117 Safari/537.36"
::1 - - [16/Jan/2020:03:12:53 +0000] "GET /assets/js/wangEditor.min.js HTTP/1.1" 200 66013 "http://localhost:8000/delivery/carousel" "Mozilla/5.0 (Windows NT 10.0; Win64; x64) AppleWebKit/537.36 (KHTML, like Gecko) Chrome/79.0.3945.117 Safari/537.36"
::1 - - [16/Jan/2020:03:12:53 +0000] "GET /assets/js/moment.js HTTP/1.1" 200 540806 "http://localhost:8000/delivery/carousel" "Mozilla/5.0 (Windows NT 10.0; Win64; x64) AppleWebKit/537.36 (KHTML, like Gecko) Chrome/79.0.3945.117 Safari/537.36"
::1 - - [16/Jan/2020:03:12:53 +0000] "GET /utils/utils.js HTTP/1.1" 200 830 "http://localhost:8000/delivery/carousel" "Mozilla/5.0 (Windows NT 10.0; Win64; x64) AppleWebKit/537.36 (KHTML, like Gecko) Chrome/79.0.3945.117 Safari/537.36"
::1 - - [16/Jan/2020:03:12:53 +0000] "GET /assets/js/xss.min.js HTTP/1.1" 200 28924 "http://localhost:8000/delivery/carousel" "Mozilla/5.0 (Windows NT 10.0; Win64; x64) AppleWebKit/537.36 (KHTML, like Gecko) Chrome/79.0.3945.117 Safari/537.36"
::1 - - [16/Jan/2020:03:12:53 +0000] "GET /assets/img/logo.png HTTP/1.1" 200 1321 "http://localhost:8000/delivery/carousel" "Mozilla/5.0 (Windows NT 10.0; Win64; x64) AppleWebKit/537.36 (KHTML, like Gecko) Chrome/79.0.3945.117 Safari/537.36"
::1 - - [16/Jan/2020:03:12:53 +0000] "GET /assets/img/sider-logo1.png HTTP/1.1" 200 1823 "http://localhost:8000/delivery/carousel" "Mozilla/5.0 (Windows NT 10.0; Win64; x64) AppleWebKit/537.36 (KHTML, like Gecko) Chrome/79.0.3945.117 Safari/537.36"
::1 - - [16/Jan/2020:03:12:53 +0000] "GET /assets/img/sider-logo2.png HTTP/1.1" 200 895 "http://localhost:8000/delivery/carousel" "Mozilla/5.0 (Windows NT 10.0; Win64; x64) AppleWebKit/537.36 (KHTML, like Gecko) Chrome/79.0.3945.117 Safari/537.36"
::1 - - [16/Jan/2020:03:12:53 +0000] "GET /assets/img/sider-logo3.png HTTP/1.1" 200 1922 "http://localhost:8000/delivery/carousel" "Mozilla/5.0 (Windows NT 10.0; Win64; x64) AppleWebKit/537.36 (KHTML, like Gecko) Chrome/79.0.3945.117 Safari/537.36"
::1 - - [16/Jan/2020:03:12:53 +0000] "GET /assets/img/sider-logo4.png HTTP/1.1" 200 1950 "http://localhost:8000/delivery/carousel" "Mozilla/5.0 (Windows NT 10.0; Win64; x64) AppleWebKit/537.36 (KHTML, like Gecko) Chrome/79.0.3945.117 Safari/537.36"
::1 - - [16/Jan/2020:03:12:53 +0000] "GET /assets/img/sider-logo5.png HTTP/1.1" 200 2232 "http://localhost:8000/delivery/carousel" "Mozilla/5.0 (Windows NT 10.0; Win64; x64) AppleWebKit/537.36 (KHTML, like Gecko) Chrome/79.0.3945.117 Safari/537.36"
::1 - - [16/Jan/2020:03:12:53 +0000] "GET /assets/img/sider-logo6.png HTTP/1.1" 200 1635 "http://localhost:8000/delivery/carousel" "Mozilla/5.0 (Windows NT 10.0; Win64; x64) AppleWebKit/537.36 (KHTML, like Gecko) Chrome/79.0.3945.117 Safari/537.36"
::1 - - [16/Jan/2020:03:12:53 +0000] "GET /assets/img/1578017280691-banner_ep.jpg HTTP/1.1" 404 9 "http://localhost:8000/delivery/carousel" "Mozilla/5.0 (Windows NT 10.0; Win64; x64) AppleWebKit/537.36 (KHTML, like Gecko) Chrome/79.0.3945.117 Safari/537.36"
::1 - - [16/Jan/2020:03:12:53 +0000] "GET /assets/img/1578017286933-shop-info.png HTTP/1.1" 404 9 "http://localhost:8000/delivery/carousel" "Mozilla/5.0 (Windows NT 10.0; Win64; x64) AppleWebKit/537.36 (KHTML, like Gecko) Chrome/79.0.3945.117 Safari/537.36"
::1 - - [16/Jan/2020:03:12:53 +0000] "GET /assets/img/fav.png HTTP/1.1" 200 799 "http://localhost:8000/delivery/carousel" "Mozilla/5.0 (Windows NT 10.0; Win64; x64) AppleWebKit/537.36 (KHTML, like Gecko) Chrome/79.0.3945.117 Safari/537.36"
::1 - - [16/Jan/2020:03:13:19 +0000] "GET /api/logout HTTP/1.1" 200 35 "http://localhost:8000/delivery/carousel" "Mozilla/5.0 (Windows NT 10.0; Win64; x64) AppleWebKit/537.36 (KHTML, like Gecko) Chrome/79.0.3945.117 Safari/537.36"
::1 - - [16/Jan/2020:03:13:19 +0000] "GET /delivery/carousel HTTP/1.1" 302 33 "http://localhost:8000/delivery/carousel" "Mozilla/5.0 (Windows NT 10.0; Win64; x64) AppleWebKit/537.36 (KHTML, like Gecko) Chrome/79.0.3945.117 Safari/537.36"
::1 - - [16/Jan/2020:03:13:19 +0000] "GET / HTTP/1.1" 200 5512 "http://localhost:8000/delivery/carousel" "Mozilla/5.0 (Windows NT 10.0; Win64; x64) AppleWebKit/537.36 (KHTML, like Gecko) Chrome/79.0.3945.117 Safari/537.36"
::1 - - [16/Jan/2020:03:13:19 +0000] "GET /assets/styles/bootstrapValidator.min.css HTTP/1.1" 200 719 "http://localhost:8000/" "Mozilla/5.0 (Windows NT 10.0; Win64; x64) AppleWebKit/537.36 (KHTML, like Gecko) Chrome/79.0.3945.117 Safari/537.36"
::1 - - [16/Jan/2020:03:13:19 +0000] "GET /assets/css/main.css HTTP/1.1" 200 33531 "http://localhost:8000/" "Mozilla/5.0 (Windows NT 10.0; Win64; x64) AppleWebKit/537.36 (KHTML, like Gecko) Chrome/79.0.3945.117 Safari/537.36"
::1 - - [16/Jan/2020:03:13:19 +0000] "GET /assets/js/bootstrap.min.js HTTP/1.1" 200 58078 "http://localhost:8000/" "Mozilla/5.0 (Windows NT 10.0; Win64; x64) AppleWebKit/537.36 (KHTML, like Gecko) Chrome/79.0.3945.117 Safari/537.36"
::1 - - [16/Jan/2020:03:13:19 +0000] "GET /assets/js/jquery-3.4.1.min.js HTTP/1.1" 200 88147 "http://localhost:8000/" "Mozilla/5.0 (Windows NT 10.0; Win64; x64) AppleWebKit/537.36 (KHTML, like Gecko) Chrome/79.0.3945.117 Safari/537.36"
::1 - - [16/Jan/2020:03:13:19 +0000] "GET /assets/styles/bootstrap.min.css HTTP/1.1" 200 155764 "http://localhost:8000/" "Mozilla/5.0 (Windows NT 10.0; Win64; x64) AppleWebKit/537.36 (KHTML, like Gecko) Chrome/79.0.3945.117 Safari/537.36"
::1 - - [16/Jan/2020:03:13:19 +0000] "GET /assets/js/bootstrapValidator.min.js HTTP/1.1" 200 110946 "http://localhost:8000/" "Mozilla/5.0 (Windows NT 10.0; Win64; x64) AppleWebKit/537.36 (KHTML, like Gecko) Chrome/79.0.3945.117 Safari/537.36"
::1 - - [16/Jan/2020:03:13:19 +0000] "GET /utils/constant.js HTTP/1.1" 200 3562 "http://localhost:8000/" "Mozilla/5.0 (Windows NT 10.0; Win64; x64) AppleWebKit/537.36 (KHTML, like Gecko) Chrome/79.0.3945.117 Safari/537.36"
::1 - - [16/Jan/2020:03:13:19 +0000] "GET /assets/img/home-logo.png HTTP/1.1" 200 5265 "http://localhost:8000/" "Mozilla/5.0 (Windows NT 10.0; Win64; x64) AppleWebKit/537.36 (KHTML, like Gecko) Chrome/79.0.3945.117 Safari/537.36"
::1 - - [16/Jan/2020:03:13:19 +0000] "GET /assets/img/login-bg.png HTTP/1.1" 200 108511 "http://localhost:8000/" "Mozilla/5.0 (Windows NT 10.0; Win64; x64) AppleWebKit/537.36 (KHTML, like Gecko) Chrome/79.0.3945.117 Safari/537.36"
::1 - - [16/Jan/2020:03:13:21 +0000] "GET /assets/styles/bootstrapValidator.min.css HTTP/1.1" 200 719 "http://localhost:8000/" "Mozilla/5.0 (Windows NT 10.0; Win64; x64) AppleWebKit/537.36 (KHTML, like Gecko) Chrome/79.0.3945.117 Safari/537.36"
::1 - - [16/Jan/2020:03:13:21 +0000] "GET /assets/css/main.css HTTP/1.1" 200 33531 "http://localhost:8000/" "Mozilla/5.0 (Windows NT 10.0; Win64; x64) AppleWebKit/537.36 (KHTML, like Gecko) Chrome/79.0.3945.117 Safari/537.36"
::1 - - [16/Jan/2020:03:13:21 +0000] "GET /assets/styles/bootstrap.min.css HTTP/1.1" 200 155764 "http://localhost:8000/" "Mozilla/5.0 (Windows NT 10.0; Win64; x64) AppleWebKit/537.36 (KHTML, like Gecko) Chrome/79.0.3945.117 Safari/537.36"
::1 - - [16/Jan/2020:03:13:22 +0000] "GET /assets/js/bootstrap.min.js.map HTTP/1.1" 404 9 "-" "Mozilla/5.0 (Linux; Android 8.0; Pixel 2 Build/OPD3.170816.012) AppleWebKit/537.36 (KHTML, like Gecko) Chrome/79.0.3945.117 Mobile Safari/537.36"
::1 - - [16/Jan/2020:03:13:22 +0000] "GET /assets/styles/bootstrap.min.css.map HTTP/1.1" 404 9 "-" "Mozilla/5.0 (Linux; Android 8.0; Pixel 2 Build/OPD3.170816.012) AppleWebKit/537.36 (KHTML, like Gecko) Chrome/79.0.3945.117 Mobile Safari/537.36"
::1 - - [16/Jan/2020:03:13:57 +0000] "POST /api/login HTTP/1.1" 200 214 "http://localhost:8000/" "Mozilla/5.0 (Windows NT 10.0; Win64; x64) AppleWebKit/537.36 (KHTML, like Gecko) Chrome/79.0.3945.117 Safari/537.36"
::1 - - [16/Jan/2020:03:13:58 +0000] "GET /delivery/home HTTP/1.1" 200 18700 "http://localhost:8000/" "Mozilla/5.0 (Windows NT 10.0; Win64; x64) AppleWebKit/537.36 (KHTML, like Gecko) Chrome/79.0.3945.117 Safari/537.36"
::1 - - [16/Jan/2020:03:13:58 +0000] "GET /assets/styles/bootstrapValidator.min.css HTTP/1.1" 200 719 "http://localhost:8000/delivery/home" "Mozilla/5.0 (Windows NT 10.0; Win64; x64) AppleWebKit/537.36 (KHTML, like Gecko) Chrome/79.0.3945.117 Safari/537.36"
::1 - - [16/Jan/2020:03:13:58 +0000] "GET /assets/css/main.css HTTP/1.1" 200 33531 "http://localhost:8000/delivery/home" "Mozilla/5.0 (Windows NT 10.0; Win64; x64) AppleWebKit/537.36 (KHTML, like Gecko) Chrome/79.0.3945.117 Safari/537.36"
::1 - - [16/Jan/2020:03:13:58 +0000] "GET /assets/styles/bootstrap-table.min.css HTTP/1.1" 200 8784 "http://localhost:8000/delivery/home" "Mozilla/5.0 (Windows NT 10.0; Win64; x64) AppleWebKit/537.36 (KHTML, like Gecko) Chrome/79.0.3945.117 Safari/537.36"
::1 - - [16/Jan/2020:03:13:58 +0000] "GET /assets/js/jquery-3.4.1.min.js HTTP/1.1" 200 88147 "http://localhost:8000/delivery/home" "Mozilla/5.0 (Windows NT 10.0; Win64; x64) AppleWebKit/537.36 (KHTML, like Gecko) Chrome/79.0.3945.117 Safari/537.36"
::1 - - [16/Jan/2020:03:13:58 +0000] "GET /assets/styles/bootstrap.min.css HTTP/1.1" 200 155764 "http://localhost:8000/delivery/home" "Mozilla/5.0 (Windows NT 10.0; Win64; x64) AppleWebKit/537.36 (KHTML, like Gecko) Chrome/79.0.3945.117 Safari/537.36"
::1 - - [16/Jan/2020:03:13:58 +0000] "GET /assets/js/moment.js HTTP/1.1" 200 540806 "http://localhost:8000/delivery/home" "Mozilla/5.0 (Windows NT 10.0; Win64; x64) AppleWebKit/537.36 (KHTML, like Gecko) Chrome/79.0.3945.117 Safari/537.36"
::1 - - [16/Jan/2020:03:13:58 +0000] "GET /assets/js/bootstrap.min.js HTTP/1.1" 200 58078 "http://localhost:8000/delivery/home" "Mozilla/5.0 (Windows NT 10.0; Win64; x64) AppleWebKit/537.36 (KHTML, like Gecko) Chrome/79.0.3945.117 Safari/537.36"
::1 - - [16/Jan/2020:03:13:58 +0000] "GET /assets/js/bootstrapValidator.min.js HTTP/1.1" 200 110946 "http://localhost:8000/delivery/home" "Mozilla/5.0 (Windows NT 10.0; Win64; x64) AppleWebKit/537.36 (KHTML, like Gecko) Chrome/79.0.3945.117 Safari/537.36"
::1 - - [16/Jan/2020:03:13:58 +0000] "GET /utils/constant.js HTTP/1.1" 200 3562 "http://localhost:8000/delivery/home" "Mozilla/5.0 (Windows NT 10.0; Win64; x64) AppleWebKit/537.36 (KHTML, like Gecko) Chrome/79.0.3945.117 Safari/537.36"
::1 - - [16/Jan/2020:03:13:58 +0000] "GET /assets/js/bootstrap-table.min.js HTTP/1.1" 200 110948 "http://localhost:8000/delivery/home" "Mozilla/5.0 (Windows NT 10.0; Win64; x64) AppleWebKit/537.36 (KHTML, like Gecko) Chrome/79.0.3945.117 Safari/537.36"
::1 - - [16/Jan/2020:03:13:58 +0000] "GET /assets/js/xss.min.js HTTP/1.1" 200 28924 "http://localhost:8000/delivery/home" "Mozilla/5.0 (Windows NT 10.0; Win64; x64) AppleWebKit/537.36 (KHTML, like Gecko) Chrome/79.0.3945.117 Safari/537.36"
::1 - - [16/Jan/2020:03:13:58 +0000] "GET /assets/js/wangEditor.min.js HTTP/1.1" 200 66013 "http://localhost:8000/delivery/home" "Mozilla/5.0 (Windows NT 10.0; Win64; x64) AppleWebKit/537.36 (KHTML, like Gecko) Chrome/79.0.3945.117 Safari/537.36"
::1 - - [16/Jan/2020:03:13:58 +0000] "GET /utils/utils.js HTTP/1.1" 200 830 "http://localhost:8000/delivery/home" "Mozilla/5.0 (Windows NT 10.0; Win64; x64) AppleWebKit/537.36 (KHTML, like Gecko) Chrome/79.0.3945.117 Safari/537.36"
::1 - - [16/Jan/2020:03:13:58 +0000] "GET /assets/img/logo.png HTTP/1.1" 200 1321 "http://localhost:8000/delivery/home" "Mozilla/5.0 (Windows NT 10.0; Win64; x64) AppleWebKit/537.36 (KHTML, like Gecko) Chrome/79.0.3945.117 Safari/537.36"
::1 - - [16/Jan/2020:03:13:58 +0000] "GET /assets/img/sider-logo1.png HTTP/1.1" 200 1823 "http://localhost:8000/delivery/home" "Mozilla/5.0 (Windows NT 10.0; Win64; x64) AppleWebKit/537.36 (KHTML, like Gecko) Chrome/79.0.3945.117 Safari/537.36"
::1 - - [16/Jan/2020:03:13:58 +0000] "GET /assets/img/sider-logo2.png HTTP/1.1" 200 895 "http://localhost:8000/delivery/home" "Mozilla/5.0 (Windows NT 10.0; Win64; x64) AppleWebKit/537.36 (KHTML, like Gecko) Chrome/79.0.3945.117 Safari/537.36"
::1 - - [16/Jan/2020:03:13:58 +0000] "GET /assets/img/sider-logo3.png HTTP/1.1" 200 1922 "http://localhost:8000/delivery/home" "Mozilla/5.0 (Windows NT 10.0; Win64; x64) AppleWebKit/537.36 (KHTML, like Gecko) Chrome/79.0.3945.117 Safari/537.36"
::1 - - [16/Jan/2020:03:13:58 +0000] "GET /assets/img/sider-logo4.png HTTP/1.1" 200 1950 "http://localhost:8000/delivery/home" "Mozilla/5.0 (Windows NT 10.0; Win64; x64) AppleWebKit/537.36 (KHTML, like Gecko) Chrome/79.0.3945.117 Safari/537.36"
::1 - - [16/Jan/2020:03:13:58 +0000] "GET /assets/img/sider-logo5.png HTTP/1.1" 200 2232 "http://localhost:8000/delivery/home" "Mozilla/5.0 (Windows NT 10.0; Win64; x64) AppleWebKit/537.36 (KHTML, like Gecko) Chrome/79.0.3945.117 Safari/537.36"
::1 - - [16/Jan/2020:03:13:58 +0000] "GET /assets/img/sider-logo6.png HTTP/1.1" 200 1635 "http://localhost:8000/delivery/home" "Mozilla/5.0 (Windows NT 10.0; Win64; x64) AppleWebKit/537.36 (KHTML, like Gecko) Chrome/79.0.3945.117 Safari/537.36"
::1 - - [16/Jan/2020:03:13:58 +0000] "GET /assets/js/bootstrap.min.js.map HTTP/1.1" 404 9 "-" "Mozilla/5.0 (Windows NT 10.0; Win64; x64) AppleWebKit/537.36 (KHTML, like Gecko) Chrome/79.0.3945.117 Safari/537.36"
::1 - - [16/Jan/2020:03:13:58 +0000] "GET /assets/js/wangEditor.min.js.map HTTP/1.1" 404 9 "-" "Mozilla/5.0 (Windows NT 10.0; Win64; x64) AppleWebKit/537.36 (KHTML, like Gecko) Chrome/79.0.3945.117 Safari/537.36"
::1 - - [16/Jan/2020:03:13:58 +0000] "GET /assets/styles/bootstrap.min.css.map HTTP/1.1" 404 9 "-" "Mozilla/5.0 (Windows NT 10.0; Win64; x64) AppleWebKit/537.36 (KHTML, like Gecko) Chrome/79.0.3945.117 Safari/537.36"
::1 - - [16/Jan/2020:03:13:58 +0000] "GET /api/get_module?order=asc HTTP/1.1" 200 1421 "http://localhost:8000/delivery/home" "Mozilla/5.0 (Windows NT 10.0; Win64; x64) AppleWebKit/537.36 (KHTML, like Gecko) Chrome/79.0.3945.117 Safari/537.36"
::1 - - [16/Jan/2020:03:17:38 +0000] "GET /api/logout HTTP/1.1" 200 35 "http://localhost:8000/delivery/home" "Mozilla/5.0 (Windows NT 10.0; Win64; x64) AppleWebKit/537.36 (KHTML, like Gecko) Chrome/79.0.3945.117 Safari/537.36"
::1 - - [16/Jan/2020:03:17:38 +0000] "GET /delivery/home HTTP/1.1" 302 33 "http://localhost:8000/delivery/home" "Mozilla/5.0 (Windows NT 10.0; Win64; x64) AppleWebKit/537.36 (KHTML, like Gecko) Chrome/79.0.3945.117 Safari/537.36"
::1 - - [16/Jan/2020:03:17:38 +0000] "GET / HTTP/1.1" 200 5512 "http://localhost:8000/delivery/home" "Mozilla/5.0 (Windows NT 10.0; Win64; x64) AppleWebKit/537.36 (KHTML, like Gecko) Chrome/79.0.3945.117 Safari/537.36"
::1 - - [16/Jan/2020:03:17:38 +0000] "GET /assets/styles/bootstrapValidator.min.css HTTP/1.1" 200 719 "http://localhost:8000/" "Mozilla/5.0 (Windows NT 10.0; Win64; x64) AppleWebKit/537.36 (KHTML, like Gecko) Chrome/79.0.3945.117 Safari/537.36"
::1 - - [16/Jan/2020:03:17:38 +0000] "GET /assets/css/main.css HTTP/1.1" 200 33531 "http://localhost:8000/" "Mozilla/5.0 (Windows NT 10.0; Win64; x64) AppleWebKit/537.36 (KHTML, like Gecko) Chrome/79.0.3945.117 Safari/537.36"
::1 - - [16/Jan/2020:03:17:38 +0000] "GET /assets/js/jquery-3.4.1.min.js HTTP/1.1" 200 88147 "http://localhost:8000/" "Mozilla/5.0 (Windows NT 10.0; Win64; x64) AppleWebKit/537.36 (KHTML, like Gecko) Chrome/79.0.3945.117 Safari/537.36"
::1 - - [16/Jan/2020:03:17:38 +0000] "GET /assets/styles/bootstrap.min.css HTTP/1.1" 200 155764 "http://localhost:8000/" "Mozilla/5.0 (Windows NT 10.0; Win64; x64) AppleWebKit/537.36 (KHTML, like Gecko) Chrome/79.0.3945.117 Safari/537.36"
::1 - - [16/Jan/2020:03:17:38 +0000] "GET /assets/js/bootstrap.min.js HTTP/1.1" 200 58078 "http://localhost:8000/" "Mozilla/5.0 (Windows NT 10.0; Win64; x64) AppleWebKit/537.36 (KHTML, like Gecko) Chrome/79.0.3945.117 Safari/537.36"
::1 - - [16/Jan/2020:03:17:38 +0000] "GET /assets/js/bootstrapValidator.min.js HTTP/1.1" 200 110946 "http://localhost:8000/" "Mozilla/5.0 (Windows NT 10.0; Win64; x64) AppleWebKit/537.36 (KHTML, like Gecko) Chrome/79.0.3945.117 Safari/537.36"
::1 - - [16/Jan/2020:03:17:38 +0000] "GET /utils/constant.js HTTP/1.1" 200 3562 "http://localhost:8000/" "Mozilla/5.0 (Windows NT 10.0; Win64; x64) AppleWebKit/537.36 (KHTML, like Gecko) Chrome/79.0.3945.117 Safari/537.36"
::1 - - [16/Jan/2020:03:17:38 +0000] "GET /assets/img/home-logo.png HTTP/1.1" 200 5265 "http://localhost:8000/" "Mozilla/5.0 (Windows NT 10.0; Win64; x64) AppleWebKit/537.36 (KHTML, like Gecko) Chrome/79.0.3945.117 Safari/537.36"
::1 - - [16/Jan/2020:03:17:38 +0000] "GET /assets/img/login-bg.png HTTP/1.1" 200 108511 "http://localhost:8000/" "Mozilla/5.0 (Windows NT 10.0; Win64; x64) AppleWebKit/537.36 (KHTML, like Gecko) Chrome/79.0.3945.117 Safari/537.36"
::1 - - [16/Jan/2020:03:17:40 +0000] "GET /assets/css/main.css HTTP/1.1" 200 33531 "http://localhost:8000/" "Mozilla/5.0 (Windows NT 10.0; Win64; x64) AppleWebKit/537.36 (KHTML, like Gecko) Chrome/79.0.3945.117 Safari/537.36"
::1 - - [16/Jan/2020:03:17:40 +0000] "GET /assets/styles/bootstrapValidator.min.css HTTP/1.1" 200 719 "http://localhost:8000/" "Mozilla/5.0 (Windows NT 10.0; Win64; x64) AppleWebKit/537.36 (KHTML, like Gecko) Chrome/79.0.3945.117 Safari/537.36"
::1 - - [16/Jan/2020:03:17:40 +0000] "GET /assets/styles/bootstrap.min.css HTTP/1.1" 200 155764 "http://localhost:8000/" "Mozilla/5.0 (Windows NT 10.0; Win64; x64) AppleWebKit/537.36 (KHTML, like Gecko) Chrome/79.0.3945.117 Safari/537.36"
::1 - - [16/Jan/2020:03:17:40 +0000] "GET /assets/js/bootstrap.min.js.map HTTP/1.1" 404 9 "-" "Mozilla/5.0 (Windows NT 10.0; Win64; x64) AppleWebKit/537.36 (KHTML, like Gecko) Chrome/79.0.3945.117 Safari/537.36"
::1 - - [16/Jan/2020:03:17:40 +0000] "GET /assets/styles/bootstrap.min.css.map HTTP/1.1" 404 9 "-" "Mozilla/5.0 (Windows NT 10.0; Win64; x64) AppleWebKit/537.36 (KHTML, like Gecko) Chrome/79.0.3945.117 Safari/537.36"
::1 - - [16/Jan/2020:03:18:09 +0000] "POST /api/login HTTP/1.1" 200 214 "http://localhost:8000/" "Mozilla/5.0 (Windows NT 10.0; Win64; x64) AppleWebKit/537.36 (KHTML, like Gecko) Chrome/79.0.3945.117 Safari/537.36"
::1 - - [16/Jan/2020:03:18:10 +0000] "GET /delivery/home HTTP/1.1" 200 18700 "http://localhost:8000/" "Mozilla/5.0 (Windows NT 10.0; Win64; x64) AppleWebKit/537.36 (KHTML, like Gecko) Chrome/79.0.3945.117 Safari/537.36"
::1 - - [16/Jan/2020:03:18:10 +0000] "GET /assets/styles/bootstrapValidator.min.css HTTP/1.1" 200 719 "http://localhost:8000/delivery/home" "Mozilla/5.0 (Windows NT 10.0; Win64; x64) AppleWebKit/537.36 (KHTML, like Gecko) Chrome/79.0.3945.117 Safari/537.36"
::1 - - [16/Jan/2020:03:18:10 +0000] "GET /assets/styles/bootstrap-table.min.css HTTP/1.1" 200 8784 "http://localhost:8000/delivery/home" "Mozilla/5.0 (Windows NT 10.0; Win64; x64) AppleWebKit/537.36 (KHTML, like Gecko) Chrome/79.0.3945.117 Safari/537.36"
::1 - - [16/Jan/2020:03:18:10 +0000] "GET /assets/css/main.css HTTP/1.1" 200 33531 "http://localhost:8000/delivery/home" "Mozilla/5.0 (Windows NT 10.0; Win64; x64) AppleWebKit/537.36 (KHTML, like Gecko) Chrome/79.0.3945.117 Safari/537.36"
::1 - - [16/Jan/2020:03:18:10 +0000] "GET /assets/js/jquery-3.4.1.min.js HTTP/1.1" 200 88147 "http://localhost:8000/delivery/home" "Mozilla/5.0 (Windows NT 10.0; Win64; x64) AppleWebKit/537.36 (KHTML, like Gecko) Chrome/79.0.3945.117 Safari/537.36"
::1 - - [16/Jan/2020:03:18:10 +0000] "GET /assets/styles/bootstrap.min.css HTTP/1.1" 200 155764 "http://localhost:8000/delivery/home" "Mozilla/5.0 (Windows NT 10.0; Win64; x64) AppleWebKit/537.36 (KHTML, like Gecko) Chrome/79.0.3945.117 Safari/537.36"
::1 - - [16/Jan/2020:03:18:10 +0000] "GET /assets/js/moment.js HTTP/1.1" 200 540806 "http://localhost:8000/delivery/home" "Mozilla/5.0 (Windows NT 10.0; Win64; x64) AppleWebKit/537.36 (KHTML, like Gecko) Chrome/79.0.3945.117 Safari/537.36"
::1 - - [16/Jan/2020:03:18:10 +0000] "GET /assets/js/bootstrap.min.js HTTP/1.1" 200 58078 "http://localhost:8000/delivery/home" "Mozilla/5.0 (Windows NT 10.0; Win64; x64) AppleWebKit/537.36 (KHTML, like Gecko) Chrome/79.0.3945.117 Safari/537.36"
::1 - - [16/Jan/2020:03:18:10 +0000] "GET /assets/js/bootstrapValidator.min.js HTTP/1.1" 200 110946 "http://localhost:8000/delivery/home" "Mozilla/5.0 (Windows NT 10.0; Win64; x64) AppleWebKit/537.36 (KHTML, like Gecko) Chrome/79.0.3945.117 Safari/537.36"
::1 - - [16/Jan/2020:03:18:10 +0000] "GET /utils/constant.js HTTP/1.1" 200 3562 "http://localhost:8000/delivery/home" "Mozilla/5.0 (Windows NT 10.0; Win64; x64) AppleWebKit/537.36 (KHTML, like Gecko) Chrome/79.0.3945.117 Safari/537.36"
::1 - - [16/Jan/2020:03:18:10 +0000] "GET /assets/js/bootstrap-table.min.js HTTP/1.1" 200 110948 "http://localhost:8000/delivery/home" "Mozilla/5.0 (Windows NT 10.0; Win64; x64) AppleWebKit/537.36 (KHTML, like Gecko) Chrome/79.0.3945.117 Safari/537.36"
::1 - - [16/Jan/2020:03:18:10 +0000] "GET /assets/js/wangEditor.min.js HTTP/1.1" 200 66013 "http://localhost:8000/delivery/home" "Mozilla/5.0 (Windows NT 10.0; Win64; x64) AppleWebKit/537.36 (KHTML, like Gecko) Chrome/79.0.3945.117 Safari/537.36"
::1 - - [16/Jan/2020:03:18:10 +0000] "GET /assets/js/xss.min.js HTTP/1.1" 200 28924 "http://localhost:8000/delivery/home" "Mozilla/5.0 (Windows NT 10.0; Win64; x64) AppleWebKit/537.36 (KHTML, like Gecko) Chrome/79.0.3945.117 Safari/537.36"
::1 - - [16/Jan/2020:03:18:10 +0000] "GET /utils/utils.js HTTP/1.1" 200 830 "http://localhost:8000/delivery/home" "Mozilla/5.0 (Windows NT 10.0; Win64; x64) AppleWebKit/537.36 (KHTML, like Gecko) Chrome/79.0.3945.117 Safari/537.36"
::1 - - [16/Jan/2020:03:18:10 +0000] "GET /assets/img/logo.png HTTP/1.1" 200 1321 "http://localhost:8000/delivery/home" "Mozilla/5.0 (Windows NT 10.0; Win64; x64) AppleWebKit/537.36 (KHTML, like Gecko) Chrome/79.0.3945.117 Safari/537.36"
::1 - - [16/Jan/2020:03:18:10 +0000] "GET /assets/img/sider-logo1.png HTTP/1.1" 200 1823 "http://localhost:8000/delivery/home" "Mozilla/5.0 (Windows NT 10.0; Win64; x64) AppleWebKit/537.36 (KHTML, like Gecko) Chrome/79.0.3945.117 Safari/537.36"
::1 - - [16/Jan/2020:03:18:10 +0000] "GET /assets/img/sider-logo2.png HTTP/1.1" 200 895 "http://localhost:8000/delivery/home" "Mozilla/5.0 (Windows NT 10.0; Win64; x64) AppleWebKit/537.36 (KHTML, like Gecko) Chrome/79.0.3945.117 Safari/537.36"
::1 - - [16/Jan/2020:03:18:10 +0000] "GET /assets/img/sider-logo3.png HTTP/1.1" 200 1922 "http://localhost:8000/delivery/home" "Mozilla/5.0 (Windows NT 10.0; Win64; x64) AppleWebKit/537.36 (KHTML, like Gecko) Chrome/79.0.3945.117 Safari/537.36"
::1 - - [16/Jan/2020:03:18:10 +0000] "GET /assets/img/sider-logo4.png HTTP/1.1" 200 1950 "http://localhost:8000/delivery/home" "Mozilla/5.0 (Windows NT 10.0; Win64; x64) AppleWebKit/537.36 (KHTML, like Gecko) Chrome/79.0.3945.117 Safari/537.36"
::1 - - [16/Jan/2020:03:18:10 +0000] "GET /assets/img/sider-logo5.png HTTP/1.1" 200 2232 "http://localhost:8000/delivery/home" "Mozilla/5.0 (Windows NT 10.0; Win64; x64) AppleWebKit/537.36 (KHTML, like Gecko) Chrome/79.0.3945.117 Safari/537.36"
::1 - - [16/Jan/2020:03:18:10 +0000] "GET /assets/img/sider-logo6.png HTTP/1.1" 200 1635 "http://localhost:8000/delivery/home" "Mozilla/5.0 (Windows NT 10.0; Win64; x64) AppleWebKit/537.36 (KHTML, like Gecko) Chrome/79.0.3945.117 Safari/537.36"
::1 - - [16/Jan/2020:03:18:10 +0000] "GET /assets/js/bootstrap.min.js.map HTTP/1.1" 404 9 "-" "Mozilla/5.0 (Windows NT 10.0; Win64; x64) AppleWebKit/537.36 (KHTML, like Gecko) Chrome/79.0.3945.117 Safari/537.36"
::1 - - [16/Jan/2020:03:18:10 +0000] "GET /assets/js/wangEditor.min.js.map HTTP/1.1" 404 9 "-" "Mozilla/5.0 (Windows NT 10.0; Win64; x64) AppleWebKit/537.36 (KHTML, like Gecko) Chrome/79.0.3945.117 Safari/537.36"
::1 - - [16/Jan/2020:03:18:11 +0000] "GET /assets/styles/bootstrap.min.css.map HTTP/1.1" 404 9 "-" "Mozilla/5.0 (Windows NT 10.0; Win64; x64) AppleWebKit/537.36 (KHTML, like Gecko) Chrome/79.0.3945.117 Safari/537.36"
::1 - - [16/Jan/2020:03:18:11 +0000] "GET /api/get_module?order=asc HTTP/1.1" 200 1421 "http://localhost:8000/delivery/home" "Mozilla/5.0 (Windows NT 10.0; Win64; x64) AppleWebKit/537.36 (KHTML, like Gecko) Chrome/79.0.3945.117 Safari/537.36"
